<?xml version="1.0" encoding="UTF-8"?>
<coverage generated="1644083429511" clover="3.2.0">
  <project timestamp="1644083429511" name="All files">
    <metrics statements="40" coveredstatements="27" conditionals="23" coveredconditionals="20" methods="25" coveredmethods="18" elements="88" coveredelements="65" complexity="0" loc="40" ncloc="40" packages="9" files="15" classes="15"/>
    <package name="components">
      <metrics statements="0" coveredstatements="0" conditionals="0" coveredconditionals="0" methods="0" coveredmethods="0"/>
      <file name="index.ts" path="/home/buzzcode/Workstation/meiuca-ds/src/components/index.ts">
        <metrics statements="0" coveredstatements="0" conditionals="0" coveredconditionals="0" methods="0" coveredmethods="0"/>
      </file>
    </package>
    <package name="components.Button">
      <metrics statements="12" coveredstatements="11" conditionals="17" coveredconditionals="16" methods="9" coveredmethods="8"/>
      <file name="index.tsx" path="/home/buzzcode/Workstation/meiuca-ds/src/components/Button/index.tsx">
        <metrics statements="2" coveredstatements="2" conditionals="5" coveredconditionals="5" methods="1" coveredmethods="1"/>
        <line num="25" count="1" type="stmt"/>
        <line num="36" count="7" type="stmt"/>
      </file>
      <file name="styles.ts" path="/home/buzzcode/Workstation/meiuca-ds/src/components/Button/styles.ts">
        <metrics statements="10" coveredstatements="9" conditionals="12" coveredconditionals="11" methods="8" coveredmethods="7"/>
        <line num="18" count="1" type="stmt"/>
        <line num="19" count="1" type="stmt"/>
        <line num="24" count="5" type="stmt"/>
        <line num="29" count="1" type="stmt"/>
        <line num="38" count="0" type="stmt"/>
        <line num="45" count="1" type="stmt"/>
        <line num="50" count="1" type="stmt"/>
        <line num="54" count="2" type="stmt"/>
        <line num="65" count="1" type="stmt"/>
        <line num="66" count="7" type="stmt"/>
      </file>
    </package>
    <package name="components.Card">
      <metrics statements="3" coveredstatements="0" conditionals="0" coveredconditionals="0" methods="1" coveredmethods="0"/>
      <file name="index.tsx" path="/home/buzzcode/Workstation/meiuca-ds/src/components/Card/index.tsx">
        <metrics statements="2" coveredstatements="0" conditionals="0" coveredconditionals="0" methods="1" coveredmethods="0"/>
        <line num="7" count="0" type="stmt"/>
        <line num="8" count="0" type="stmt"/>
      </file>
      <file name="styles.ts" path="/home/buzzcode/Workstation/meiuca-ds/src/components/Card/styles.ts">
        <metrics statements="1" coveredstatements="0" conditionals="0" coveredconditionals="0" methods="0" coveredmethods="0"/>
        <line num="5" count="0" type="stmt"/>
      </file>
    </package>
    <package name="components.Heading">
      <metrics statements="8" coveredstatements="8" conditionals="3" coveredconditionals="2" methods="5" coveredmethods="5"/>
      <file name="index.tsx" path="/home/buzzcode/Workstation/meiuca-ds/src/components/Heading/index.tsx">
        <metrics statements="2" coveredstatements="2" conditionals="1" coveredconditionals="0" methods="1" coveredmethods="1"/>
        <line num="10" count="1" type="cond" truecount="0" falsecount="1"/>
        <line num="11" count="3" type="stmt"/>
      </file>
      <file name="styles.ts" path="/home/buzzcode/Workstation/meiuca-ds/src/components/Heading/styles.ts">
        <metrics statements="6" coveredstatements="6" conditionals="2" coveredconditionals="2" methods="4" coveredmethods="4"/>
        <line num="6" count="1" type="stmt"/>
        <line num="7" count="1" type="stmt"/>
        <line num="10" count="1" type="stmt"/>
        <line num="13" count="1" type="stmt"/>
        <line num="18" count="1" type="stmt"/>
        <line num="19" count="3" type="stmt"/>
      </file>
    </package>
    <package name="components.Paragraph">
      <metrics statements="4" coveredstatements="0" conditionals="0" coveredconditionals="0" methods="2" coveredmethods="0"/>
      <file name="index.tsx" path="/home/buzzcode/Workstation/meiuca-ds/src/components/Paragraph/index.tsx">
        <metrics statements="2" coveredstatements="0" conditionals="0" coveredconditionals="0" methods="1" coveredmethods="0"/>
        <line num="9" count="0" type="stmt"/>
        <line num="10" count="0" type="stmt"/>
      </file>
      <file name="styles.ts" path="/home/buzzcode/Workstation/meiuca-ds/src/components/Paragraph/styles.ts">
        <metrics statements="2" coveredstatements="0" conditionals="0" coveredconditionals="0" methods="1" coveredmethods="0"/>
        <line num="5" count="0" type="stmt"/>
        <line num="6" count="0" type="stmt"/>
      </file>
    </package>
    <package name="components.Shape">
      <metrics statements="3" coveredstatements="0" conditionals="0" coveredconditionals="0" methods="2" coveredmethods="0"/>
      <file name="index.tsx" path="/home/buzzcode/Workstation/meiuca-ds/src/components/Shape/index.tsx">
        <metrics statements="1" coveredstatements="0" conditionals="0" coveredconditionals="0" methods="1" coveredmethods="0"/>
        <line num="9" count="0" type="stmt"/>
      </file>
      <file name="styles.ts" path="/home/buzzcode/Workstation/meiuca-ds/src/components/Shape/styles.ts">
        <metrics statements="2" coveredstatements="0" conditionals="0" coveredconditionals="0" methods="1" coveredmethods="0"/>
        <line num="5" count="0" type="stmt"/>
        <line num="6" count="0" type="stmt"/>
      </file>
    </package>
    <package name="components.Subtitle">
      <metrics statements="8" coveredstatements="8" conditionals="3" coveredconditionals="2" methods="5" coveredmethods="5"/>
      <file name="index.tsx" path="/home/buzzcode/Workstation/meiuca-ds/src/components/Subtitle/index.tsx">
        <metrics statements="2" coveredstatements="2" conditionals="1" coveredconditionals="0" methods="1" coveredmethods="1"/>
        <line num="10" count="1" type="cond" truecount="0" falsecount="1"/>
        <line num="11" count="3" type="stmt"/>
      </file>
      <file name="styles.ts" path="/home/buzzcode/Workstation/meiuca-ds/src/components/Subtitle/styles.ts">
        <metrics statements="6" coveredstatements="6" conditionals="2" coveredconditionals="2" methods="4" coveredmethods="4"/>
        <line num="7" count="1" type="stmt"/>
        <line num="8" count="1" type="stmt"/>
        <line num="11" count="1" type="stmt"/>
        <line num="14" count="1" type="stmt"/>
        <line num="19" count="1" type="stmt"/>
        <line num="20" count="3" type="stmt"/>
      </file>
    </package>
    <package name="components.Wrapper">
      <metrics statements="2" coveredstatements="0" conditionals="0" coveredconditionals="0" methods="1" coveredmethods="0"/>
      <file name="index.ts" path="/home/buzzcode/Workstation/meiuca-ds/src/components/Wrapper/index.ts">
        <metrics statements="2" coveredstatements="0" conditionals="0" coveredconditionals="0" methods="1" coveredmethods="0"/>
        <line num="3" count="0" type="stmt"/>
        <line num="4" count="0" type="stmt"/>
      </file>
    </package>
    <package name="styles">
      <metrics statements="0" coveredstatements="0" conditionals="0" coveredconditionals="0" methods="0" coveredmethods="0"/>
      <file name="theme.ts" path="/home/buzzcode/Workstation/meiuca-ds/src/styles/theme.ts">
        <metrics statements="0" coveredstatements="0" conditionals="0" coveredconditionals="0" methods="0" coveredmethods="0"/>
      </file>
    </package>
  </project>
</coverage>
