<?xml version="1.0" encoding="UTF-8"?>
<coverage generated="1644182738245" clover="3.2.0">
  <project timestamp="1644182738245" name="All files">
    <metrics statements="20" coveredstatements="19" conditionals="17" coveredconditionals="16" methods="13" coveredmethods="12" elements="50" coveredelements="47" complexity="0" loc="20" ncloc="20" packages="2" files="4" classes="4"/>
    <package name="Button">
      <metrics statements="12" coveredstatements="11" conditionals="17" coveredconditionals="16" methods="9" coveredmethods="8"/>
      <file name="index.tsx" path="/home/buzzcode/Workstation/meiuca-ds/src/components/Button/index.tsx">
        <metrics statements="2" coveredstatements="2" conditionals="5" coveredconditionals="5" methods="1" coveredmethods="1"/>
        <line num="25" count="2" type="stmt"/>
        <line num="29" count="8" type="stmt"/>
      </file>
      <file name="styles.ts" path="/home/buzzcode/Workstation/meiuca-ds/src/components/Button/styles.ts">
        <metrics statements="10" coveredstatements="9" conditionals="12" coveredconditionals="11" methods="8" coveredmethods="7"/>
        <line num="18" count="2" type="stmt"/>
        <line num="19" count="1" type="stmt"/>
        <line num="24" count="6" type="stmt"/>
        <line num="29" count="1" type="stmt"/>
        <line num="38" count="0" type="stmt"/>
        <line num="45" count="1" type="stmt"/>
        <line num="50" count="1" type="stmt"/>
        <line num="54" count="2" type="stmt"/>
        <line num="65" count="2" type="stmt"/>
        <line num="66" count="8" type="stmt"/>
      </file>
    </package>
    <package name="Card">
      <metrics statements="8" coveredstatements="8" conditionals="0" coveredconditionals="0" methods="4" coveredmethods="4"/>
      <file name="index.tsx" path="/home/buzzcode/Workstation/meiuca-ds/src/components/Card/index.tsx">
        <metrics statements="2" coveredstatements="2" conditionals="0" coveredconditionals="0" methods="1" coveredmethods="1"/>
        <line num="14" count="1" type="stmt"/>
        <line num="15" count="1" type="stmt"/>
      </file>
      <file name="styles.ts" path="/home/buzzcode/Workstation/meiuca-ds/src/components/Card/styles.ts">
        <metrics statements="6" coveredstatements="6" conditionals="0" coveredconditionals="0" methods="3" coveredmethods="3"/>
        <line num="5" count="1" type="stmt"/>
        <line num="6" count="1" type="stmt"/>
        <line num="13" count="1" type="stmt"/>
        <line num="14" count="1" type="stmt"/>
        <line num="16" count="1" type="stmt"/>
        <line num="17" count="1" type="stmt"/>
      </file>
    </package>
  </project>
</coverage>
