{"/home/buzzcode/Workstation/meiuca-ds/src/components/index.ts": {"path":"/home/buzzcode/Workstation/meiuca-ds/src/components/index.ts","statementMap":{},"fnMap":{},"branchMap":{},"s":{},"f":{},"b":{}}
,"/home/buzzcode/Workstation/meiuca-ds/src/components/Button/index.tsx": {"path":"/home/buzzcode/Workstation/meiuca-ds/src/components/Button/index.tsx","statementMap":{"0":{"start":{"line":25,"column":4},"end":{"line":47,"column":1}},"1":{"start":{"line":36,"column":2},"end":{"line":46,"column":14}}},"fnMap":{"0":{"name":"(anonymous_0)","decl":{"start":{"line":25,"column":4},"end":{"line":25,"column":5}},"loc":{"start":{"line":36,"column":2},"end":{"line":46,"column":14}},"line":36}},"branchMap":{"0":{"loc":{"start":{"line":27,"column":4},"end":{"line":27,"column":21}},"type":"default-arg","locations":[{"start":{"line":27,"column":16},"end":{"line":27,"column":21}}],"line":27},"1":{"loc":{"start":{"line":28,"column":4},"end":{"line":28,"column":19}},"type":"default-arg","locations":[{"start":{"line":28,"column":14},"end":{"line":28,"column":19}}],"line":28},"2":{"loc":{"start":{"line":29,"column":4},"end":{"line":29,"column":19}},"type":"default-arg","locations":[{"start":{"line":29,"column":11},"end":{"line":29,"column":19}}],"line":29},"3":{"loc":{"start":{"line":45,"column":5},"end":{"line":45,"column":42}},"type":"binary-expr","locations":[{"start":{"line":45,"column":5},"end":{"line":45,"column":15}},{"start":{"line":45,"column":19},"end":{"line":45,"column":42}}],"line":45}},"s":{"0":1,"1":7},"f":{"0":7},"b":{"0":[6],"1":[6],"2":[5],"3":[7,7]},"_coverageSchema":"1a1c01bbd47fc00a2c39e90264f33305004495a9","hash":"e637b6673b33d001a0a27323c1d3610012bd580b"}
,"/home/buzzcode/Workstation/meiuca-ds/src/components/Button/styles.ts": {"path":"/home/buzzcode/Workstation/meiuca-ds/src/components/Button/styles.ts","statementMap":{"0":{"start":{"line":18,"column":25},"end":{"line":63,"column":1}},"1":{"start":{"line":19,"column":15},"end":{"line":22,"column":3}},"2":{"start":{"line":24,"column":16},"end":{"line":27,"column":3}},"3":{"start":{"line":29,"column":17},"end":{"line":36,"column":3}},"4":{"start":{"line":38,"column":18},"end":{"line":43,"column":3}},"5":{"start":{"line":45,"column":15},"end":{"line":48,"column":3}},"6":{"start":{"line":50,"column":19},"end":{"line":52,"column":3}},"7":{"start":{"line":54,"column":18},"end":{"line":62,"column":3}},"8":{"start":{"line":65,"column":23},"end":{"line":90,"column":1}},"9":{"start":{"line":66,"column":57},"end":{"line":89,"column":3}}},"fnMap":{"0":{"name":"(anonymous_0)","decl":{"start":{"line":19,"column":9},"end":{"line":19,"column":10}},"loc":{"start":{"line":19,"column":15},"end":{"line":22,"column":3}},"line":19},"1":{"name":"(anonymous_1)","decl":{"start":{"line":24,"column":10},"end":{"line":24,"column":11}},"loc":{"start":{"line":24,"column":16},"end":{"line":27,"column":3}},"line":24},"2":{"name":"(anonymous_2)","decl":{"start":{"line":29,"column":11},"end":{"line":29,"column":12}},"loc":{"start":{"line":29,"column":17},"end":{"line":36,"column":3}},"line":29},"3":{"name":"(anonymous_3)","decl":{"start":{"line":38,"column":12},"end":{"line":38,"column":13}},"loc":{"start":{"line":38,"column":18},"end":{"line":43,"column":3}},"line":38},"4":{"name":"(anonymous_4)","decl":{"start":{"line":45,"column":9},"end":{"line":45,"column":10}},"loc":{"start":{"line":45,"column":15},"end":{"line":48,"column":3}},"line":45},"5":{"name":"(anonymous_5)","decl":{"start":{"line":50,"column":13},"end":{"line":50,"column":14}},"loc":{"start":{"line":50,"column":19},"end":{"line":52,"column":3}},"line":50},"6":{"name":"(anonymous_6)","decl":{"start":{"line":54,"column":12},"end":{"line":54,"column":13}},"loc":{"start":{"line":54,"column":18},"end":{"line":62,"column":3}},"line":54},"7":{"name":"(anonymous_7)","decl":{"start":{"line":66,"column":4},"end":{"line":66,"column":5}},"loc":{"start":{"line":66,"column":57},"end":{"line":89,"column":3}},"line":66}},"branchMap":{"0":{"loc":{"start":{"line":81,"column":20},"end":{"line":81,"column":68}},"type":"cond-expr","locations":[{"start":{"line":81,"column":30},"end":{"line":81,"column":36}},{"start":{"line":81,"column":39},"end":{"line":81,"column":68}}],"line":81},"1":{"loc":{"start":{"line":84,"column":6},"end":{"line":84,"column":40}},"type":"binary-expr","locations":[{"start":{"line":84,"column":6},"end":{"line":84,"column":12}},{"start":{"line":84,"column":16},"end":{"line":84,"column":40}}],"line":84},"2":{"loc":{"start":{"line":85,"column":6},"end":{"line":85,"column":49}},"type":"binary-expr","locations":[{"start":{"line":85,"column":6},"end":{"line":85,"column":17}},{"start":{"line":85,"column":21},"end":{"line":85,"column":49}}],"line":85},"3":{"loc":{"start":{"line":86,"column":6},"end":{"line":86,"column":46}},"type":"binary-expr","locations":[{"start":{"line":86,"column":6},"end":{"line":86,"column":15}},{"start":{"line":86,"column":19},"end":{"line":86,"column":46}}],"line":86},"4":{"loc":{"start":{"line":87,"column":6},"end":{"line":87,"column":45}},"type":"binary-expr","locations":[{"start":{"line":87,"column":6},"end":{"line":87,"column":15}},{"start":{"line":87,"column":19},"end":{"line":87,"column":45}}],"line":87},"5":{"loc":{"start":{"line":88,"column":6},"end":{"line":88,"column":45}},"type":"binary-expr","locations":[{"start":{"line":88,"column":6},"end":{"line":88,"column":14}},{"start":{"line":88,"column":18},"end":{"line":88,"column":45}}],"line":88}},"s":{"0":1,"1":1,"2":5,"3":1,"4":0,"5":1,"6":1,"7":2,"8":1,"9":7},"f":{"0":1,"1":5,"2":1,"3":0,"4":1,"5":1,"6":2,"7":7},"b":{"0":[1,6],"1":[7,7],"2":[7,1],"3":[7,2],"4":[7,1],"5":[7,0]},"_coverageSchema":"1a1c01bbd47fc00a2c39e90264f33305004495a9","hash":"434fe49e7e88e9ecc3ab738812a24b38a7cda571"}
,"/home/buzzcode/Workstation/meiuca-ds/src/components/Card/index.tsx": {"path":"/home/buzzcode/Workstation/meiuca-ds/src/components/Card/index.tsx","statementMap":{"0":{"start":{"line":7,"column":13},"end":{"line":15,"column":1}},"1":{"start":{"line":8,"column":2},"end":{"line":14,"column":11}}},"fnMap":{"0":{"name":"(anonymous_0)","decl":{"start":{"line":7,"column":13},"end":{"line":7,"column":14}},"loc":{"start":{"line":8,"column":2},"end":{"line":14,"column":11}},"line":8}},"branchMap":{},"s":{"0":0,"1":0},"f":{"0":0},"b":{}}
,"/home/buzzcode/Workstation/meiuca-ds/src/components/Card/styles.ts": {"path":"/home/buzzcode/Workstation/meiuca-ds/src/components/Card/styles.ts","statementMap":{"0":{"start":{"line":5,"column":20},"end":{"line":5,"column":35}}},"fnMap":{},"branchMap":{},"s":{"0":0},"f":{},"b":{}}
,"/home/buzzcode/Workstation/meiuca-ds/src/components/Heading/index.tsx": {"path":"/home/buzzcode/Workstation/meiuca-ds/src/components/Heading/index.tsx","statementMap":{"0":{"start":{"line":10,"column":16},"end":{"line":12,"column":1}},"1":{"start":{"line":11,"column":2},"end":{"line":11,"column":47}}},"fnMap":{"0":{"name":"(anonymous_0)","decl":{"start":{"line":10,"column":16},"end":{"line":10,"column":17}},"loc":{"start":{"line":11,"column":2},"end":{"line":11,"column":47}},"line":11}},"branchMap":{"0":{"loc":{"start":{"line":10,"column":29},"end":{"line":10,"column":40}},"type":"default-arg","locations":[{"start":{"line":10,"column":36},"end":{"line":10,"column":40}}],"line":10}},"s":{"0":1,"1":3},"f":{"0":3},"b":{"0":[0]},"_coverageSchema":"1a1c01bbd47fc00a2c39e90264f33305004495a9","hash":"25c6ef82af463cf590d7c018b8924bb4480049d5"}
,"/home/buzzcode/Workstation/meiuca-ds/src/components/Heading/styles.ts": {"path":"/home/buzzcode/Workstation/meiuca-ds/src/components/Heading/styles.ts","statementMap":{"0":{"start":{"line":6,"column":32},"end":{"line":16,"column":1}},"1":{"start":{"line":7,"column":12},"end":{"line":9,"column":3}},"2":{"start":{"line":10,"column":12},"end":{"line":12,"column":3}},"3":{"start":{"line":13,"column":12},"end":{"line":15,"column":3}},"4":{"start":{"line":18,"column":23},"end":{"line":27,"column":1}},"5":{"start":{"line":19,"column":18},"end":{"line":26,"column":3}}},"fnMap":{"0":{"name":"(anonymous_0)","decl":{"start":{"line":7,"column":6},"end":{"line":7,"column":7}},"loc":{"start":{"line":7,"column":12},"end":{"line":9,"column":3}},"line":7},"1":{"name":"(anonymous_1)","decl":{"start":{"line":10,"column":6},"end":{"line":10,"column":7}},"loc":{"start":{"line":10,"column":12},"end":{"line":12,"column":3}},"line":10},"2":{"name":"(anonymous_2)","decl":{"start":{"line":13,"column":6},"end":{"line":13,"column":7}},"loc":{"start":{"line":13,"column":12},"end":{"line":15,"column":3}},"line":13},"3":{"name":"(anonymous_3)","decl":{"start":{"line":19,"column":4},"end":{"line":19,"column":5}},"loc":{"start":{"line":19,"column":18},"end":{"line":26,"column":3}},"line":19}},"branchMap":{"0":{"loc":{"start":{"line":25,"column":6},"end":{"line":25,"column":40}},"type":"binary-expr","locations":[{"start":{"line":25,"column":6},"end":{"line":25,"column":12}},{"start":{"line":25,"column":16},"end":{"line":25,"column":40}}],"line":25}},"s":{"0":1,"1":1,"2":1,"3":1,"4":1,"5":3},"f":{"0":1,"1":1,"2":1,"3":3},"b":{"0":[3,3]},"_coverageSchema":"1a1c01bbd47fc00a2c39e90264f33305004495a9","hash":"f273a612df33199c51dcfd4664e88dcf6fc889fe"}
,"/home/buzzcode/Workstation/meiuca-ds/src/components/Paragraph/index.tsx": {"path":"/home/buzzcode/Workstation/meiuca-ds/src/components/Paragraph/index.tsx","statementMap":{"0":{"start":{"line":9,"column":18},"end":{"line":11,"column":1}},"1":{"start":{"line":10,"column":2},"end":{"line":10,"column":60}}},"fnMap":{"0":{"name":"(anonymous_0)","decl":{"start":{"line":9,"column":18},"end":{"line":9,"column":19}},"loc":{"start":{"line":10,"column":2},"end":{"line":10,"column":60}},"line":10}},"branchMap":{},"s":{"0":0,"1":0},"f":{"0":0},"b":{}}
,"/home/buzzcode/Workstation/meiuca-ds/src/components/Paragraph/styles.ts": {"path":"/home/buzzcode/Workstation/meiuca-ds/src/components/Paragraph/styles.ts","statementMap":{"0":{"start":{"line":5,"column":27},"end":{"line":13,"column":1}},"1":{"start":{"line":6,"column":10},"end":{"line":12,"column":3}}},"fnMap":{"0":{"name":"(anonymous_0)","decl":{"start":{"line":6,"column":4},"end":{"line":6,"column":5}},"loc":{"start":{"line":6,"column":10},"end":{"line":12,"column":3}},"line":6}},"branchMap":{},"s":{"0":0,"1":0},"f":{"0":0},"b":{}}
,"/home/buzzcode/Workstation/meiuca-ds/src/components/Shape/index.tsx": {"path":"/home/buzzcode/Workstation/meiuca-ds/src/components/Shape/index.tsx","statementMap":{"0":{"start":{"line":9,"column":14},"end":{"line":9,"column":65}},"1":{"start":{"line":9,"column":32},"end":{"line":9,"column":65}}},"fnMap":{"0":{"name":"(anonymous_0)","decl":{"start":{"line":9,"column":14},"end":{"line":9,"column":15}},"loc":{"start":{"line":9,"column":32},"end":{"line":9,"column":65}},"line":9}},"branchMap":{},"s":{"0":0,"1":0},"f":{"0":0},"b":{}}
,"/home/buzzcode/Workstation/meiuca-ds/src/components/Shape/styles.ts": {"path":"/home/buzzcode/Workstation/meiuca-ds/src/components/Shape/styles.ts","statementMap":{"0":{"start":{"line":5,"column":23},"end":{"line":14,"column":1}},"1":{"start":{"line":6,"column":10},"end":{"line":13,"column":3}}},"fnMap":{"0":{"name":"(anonymous_0)","decl":{"start":{"line":6,"column":4},"end":{"line":6,"column":5}},"loc":{"start":{"line":6,"column":10},"end":{"line":13,"column":3}},"line":6}},"branchMap":{},"s":{"0":0,"1":0},"f":{"0":0},"b":{}}
,"/home/buzzcode/Workstation/meiuca-ds/src/components/Subtitle/index.tsx": {"path":"/home/buzzcode/Workstation/meiuca-ds/src/components/Subtitle/index.tsx","statementMap":{"0":{"start":{"line":10,"column":17},"end":{"line":12,"column":1}},"1":{"start":{"line":11,"column":2},"end":{"line":11,"column":49}}},"fnMap":{"0":{"name":"(anonymous_0)","decl":{"start":{"line":10,"column":17},"end":{"line":10,"column":18}},"loc":{"start":{"line":11,"column":2},"end":{"line":11,"column":49}},"line":11}},"branchMap":{"0":{"loc":{"start":{"line":10,"column":30},"end":{"line":10,"column":41}},"type":"default-arg","locations":[{"start":{"line":10,"column":37},"end":{"line":10,"column":41}}],"line":10}},"s":{"0":1,"1":3},"f":{"0":3},"b":{"0":[0]},"_coverageSchema":"1a1c01bbd47fc00a2c39e90264f33305004495a9","hash":"543254745b3fcc0177695913c17b061f3dd39430"}
,"/home/buzzcode/Workstation/meiuca-ds/src/components/Subtitle/styles.ts": {"path":"/home/buzzcode/Workstation/meiuca-ds/src/components/Subtitle/styles.ts","statementMap":{"0":{"start":{"line":7,"column":32},"end":{"line":17,"column":1}},"1":{"start":{"line":8,"column":12},"end":{"line":10,"column":3}},"2":{"start":{"line":11,"column":12},"end":{"line":13,"column":3}},"3":{"start":{"line":14,"column":12},"end":{"line":16,"column":3}},"4":{"start":{"line":19,"column":24},"end":{"line":28,"column":1}},"5":{"start":{"line":20,"column":18},"end":{"line":27,"column":3}}},"fnMap":{"0":{"name":"(anonymous_0)","decl":{"start":{"line":8,"column":6},"end":{"line":8,"column":7}},"loc":{"start":{"line":8,"column":12},"end":{"line":10,"column":3}},"line":8},"1":{"name":"(anonymous_1)","decl":{"start":{"line":11,"column":6},"end":{"line":11,"column":7}},"loc":{"start":{"line":11,"column":12},"end":{"line":13,"column":3}},"line":11},"2":{"name":"(anonymous_2)","decl":{"start":{"line":14,"column":6},"end":{"line":14,"column":7}},"loc":{"start":{"line":14,"column":12},"end":{"line":16,"column":3}},"line":14},"3":{"name":"(anonymous_3)","decl":{"start":{"line":20,"column":4},"end":{"line":20,"column":5}},"loc":{"start":{"line":20,"column":18},"end":{"line":27,"column":3}},"line":20}},"branchMap":{"0":{"loc":{"start":{"line":26,"column":6},"end":{"line":26,"column":40}},"type":"binary-expr","locations":[{"start":{"line":26,"column":6},"end":{"line":26,"column":12}},{"start":{"line":26,"column":16},"end":{"line":26,"column":40}}],"line":26}},"s":{"0":1,"1":1,"2":1,"3":1,"4":1,"5":3},"f":{"0":1,"1":1,"2":1,"3":3},"b":{"0":[3,3]},"_coverageSchema":"1a1c01bbd47fc00a2c39e90264f33305004495a9","hash":"81fa525c703a8ecdda69a356af93f4eaf7930514"}
,"/home/buzzcode/Workstation/meiuca-ds/src/components/Wrapper/index.ts": {"path":"/home/buzzcode/Workstation/meiuca-ds/src/components/Wrapper/index.ts","statementMap":{"0":{"start":{"line":3,"column":23},"end":{"line":10,"column":1}},"1":{"start":{"line":4,"column":10},"end":{"line":9,"column":3}}},"fnMap":{"0":{"name":"(anonymous_0)","decl":{"start":{"line":4,"column":4},"end":{"line":4,"column":5}},"loc":{"start":{"line":4,"column":10},"end":{"line":9,"column":3}},"line":4}},"branchMap":{},"s":{"0":0,"1":0},"f":{"0":0},"b":{}}
,"/home/buzzcode/Workstation/meiuca-ds/src/styles/theme.ts": {"path":"/home/buzzcode/Workstation/meiuca-ds/src/styles/theme.ts","statementMap":{},"fnMap":{},"branchMap":{},"s":{},"f":{},"b":{},"_coverageSchema":"1a1c01bbd47fc00a2c39e90264f33305004495a9","hash":"33dfc4139efa429f4b4e8c5db297360225af027e"}
}
