{"/home/buzzcode/Workstation/meiuca-ds/src/components/Button/index.tsx": {"path":"/home/buzzcode/Workstation/meiuca-ds/src/components/Button/index.tsx","statementMap":{"0":{"start":{"line":25,"column":4},"end":{"line":40,"column":1}},"1":{"start":{"line":29,"column":2},"end":{"line":39,"column":14}}},"fnMap":{"0":{"name":"(anonymous_0)","decl":{"start":{"line":25,"column":4},"end":{"line":25,"column":5}},"loc":{"start":{"line":29,"column":2},"end":{"line":39,"column":14}},"line":29}},"branchMap":{"0":{"loc":{"start":{"line":26,"column":4},"end":{"line":26,"column":21}},"type":"default-arg","locations":[{"start":{"line":26,"column":16},"end":{"line":26,"column":21}}],"line":26},"1":{"loc":{"start":{"line":26,"column":23},"end":{"line":26,"column":38}},"type":"default-arg","locations":[{"start":{"line":26,"column":33},"end":{"line":26,"column":38}}],"line":26},"2":{"loc":{"start":{"line":26,"column":40},"end":{"line":26,"column":51}},"type":"default-arg","locations":[{"start":{"line":26,"column":47},"end":{"line":26,"column":51}}],"line":26},"3":{"loc":{"start":{"line":38,"column":5},"end":{"line":38,"column":42}},"type":"binary-expr","locations":[{"start":{"line":38,"column":5},"end":{"line":38,"column":15}},{"start":{"line":38,"column":19},"end":{"line":38,"column":42}}],"line":38}},"s":{"0":2,"1":8},"f":{"0":8},"b":{"0":[7],"1":[7],"2":[6],"3":[8,8]},"_coverageSchema":"1a1c01bbd47fc00a2c39e90264f33305004495a9","hash":"5cd2476e33b3977fd2ed526f6f52e8cac8f67c33"}
,"/home/buzzcode/Workstation/meiuca-ds/src/components/Button/styles.ts": {"path":"/home/buzzcode/Workstation/meiuca-ds/src/components/Button/styles.ts","statementMap":{"0":{"start":{"line":18,"column":25},"end":{"line":63,"column":1}},"1":{"start":{"line":19,"column":12},"end":{"line":22,"column":3}},"2":{"start":{"line":24,"column":12},"end":{"line":27,"column":3}},"3":{"start":{"line":29,"column":17},"end":{"line":36,"column":3}},"4":{"start":{"line":38,"column":18},"end":{"line":43,"column":3}},"5":{"start":{"line":45,"column":12},"end":{"line":48,"column":3}},"6":{"start":{"line":50,"column":19},"end":{"line":52,"column":3}},"7":{"start":{"line":54,"column":18},"end":{"line":62,"column":3}},"8":{"start":{"line":65,"column":23},"end":{"line":90,"column":1}},"9":{"start":{"line":66,"column":57},"end":{"line":89,"column":3}}},"fnMap":{"0":{"name":"(anonymous_0)","decl":{"start":{"line":19,"column":6},"end":{"line":19,"column":7}},"loc":{"start":{"line":19,"column":12},"end":{"line":22,"column":3}},"line":19},"1":{"name":"(anonymous_1)","decl":{"start":{"line":24,"column":6},"end":{"line":24,"column":7}},"loc":{"start":{"line":24,"column":12},"end":{"line":27,"column":3}},"line":24},"2":{"name":"(anonymous_2)","decl":{"start":{"line":29,"column":11},"end":{"line":29,"column":12}},"loc":{"start":{"line":29,"column":17},"end":{"line":36,"column":3}},"line":29},"3":{"name":"(anonymous_3)","decl":{"start":{"line":38,"column":12},"end":{"line":38,"column":13}},"loc":{"start":{"line":38,"column":18},"end":{"line":43,"column":3}},"line":38},"4":{"name":"(anonymous_4)","decl":{"start":{"line":45,"column":6},"end":{"line":45,"column":7}},"loc":{"start":{"line":45,"column":12},"end":{"line":48,"column":3}},"line":45},"5":{"name":"(anonymous_5)","decl":{"start":{"line":50,"column":13},"end":{"line":50,"column":14}},"loc":{"start":{"line":50,"column":19},"end":{"line":52,"column":3}},"line":50},"6":{"name":"(anonymous_6)","decl":{"start":{"line":54,"column":12},"end":{"line":54,"column":13}},"loc":{"start":{"line":54,"column":18},"end":{"line":62,"column":3}},"line":54},"7":{"name":"(anonymous_7)","decl":{"start":{"line":66,"column":4},"end":{"line":66,"column":5}},"loc":{"start":{"line":66,"column":57},"end":{"line":89,"column":3}},"line":66}},"branchMap":{"0":{"loc":{"start":{"line":81,"column":20},"end":{"line":81,"column":68}},"type":"cond-expr","locations":[{"start":{"line":81,"column":30},"end":{"line":81,"column":36}},{"start":{"line":81,"column":39},"end":{"line":81,"column":68}}],"line":81},"1":{"loc":{"start":{"line":84,"column":6},"end":{"line":84,"column":40}},"type":"binary-expr","locations":[{"start":{"line":84,"column":6},"end":{"line":84,"column":12}},{"start":{"line":84,"column":16},"end":{"line":84,"column":40}}],"line":84},"2":{"loc":{"start":{"line":85,"column":6},"end":{"line":85,"column":49}},"type":"binary-expr","locations":[{"start":{"line":85,"column":6},"end":{"line":85,"column":17}},{"start":{"line":85,"column":21},"end":{"line":85,"column":49}}],"line":85},"3":{"loc":{"start":{"line":86,"column":6},"end":{"line":86,"column":46}},"type":"binary-expr","locations":[{"start":{"line":86,"column":6},"end":{"line":86,"column":15}},{"start":{"line":86,"column":19},"end":{"line":86,"column":46}}],"line":86},"4":{"loc":{"start":{"line":87,"column":6},"end":{"line":87,"column":45}},"type":"binary-expr","locations":[{"start":{"line":87,"column":6},"end":{"line":87,"column":15}},{"start":{"line":87,"column":19},"end":{"line":87,"column":45}}],"line":87},"5":{"loc":{"start":{"line":88,"column":6},"end":{"line":88,"column":45}},"type":"binary-expr","locations":[{"start":{"line":88,"column":6},"end":{"line":88,"column":14}},{"start":{"line":88,"column":18},"end":{"line":88,"column":45}}],"line":88}},"s":{"0":2,"1":1,"2":6,"3":1,"4":0,"5":1,"6":1,"7":2,"8":2,"9":8},"f":{"0":1,"1":6,"2":1,"3":0,"4":1,"5":1,"6":2,"7":8},"b":{"0":[1,7],"1":[8,8],"2":[8,1],"3":[8,2],"4":[8,1],"5":[8,0]},"_coverageSchema":"1a1c01bbd47fc00a2c39e90264f33305004495a9","hash":"eeed37f118bdb0f5ac2fbccc73dabed6ae77e2ff"}
,"/home/buzzcode/Workstation/meiuca-ds/src/components/Card/index.tsx": {"path":"/home/buzzcode/Workstation/meiuca-ds/src/components/Card/index.tsx","statementMap":{"0":{"start":{"line":14,"column":20},"end":{"line":25,"column":1}},"1":{"start":{"line":15,"column":2},"end":{"line":24,"column":11}}},"fnMap":{"0":{"name":"(anonymous_0)","decl":{"start":{"line":14,"column":20},"end":{"line":14,"column":21}},"loc":{"start":{"line":15,"column":2},"end":{"line":24,"column":11}},"line":15}},"branchMap":{},"s":{"0":1,"1":1},"f":{"0":1},"b":{},"_coverageSchema":"1a1c01bbd47fc00a2c39e90264f33305004495a9","hash":"256d0d4d264f2f59dda9f9d40b98e218d20950a2"}
,"/home/buzzcode/Workstation/meiuca-ds/src/components/Card/styles.ts": {"path":"/home/buzzcode/Workstation/meiuca-ds/src/components/Card/styles.ts","statementMap":{"0":{"start":{"line":5,"column":20},"end":{"line":12,"column":1}},"1":{"start":{"line":6,"column":10},"end":{"line":11,"column":3}},"2":{"start":{"line":13,"column":26},"end":{"line":15,"column":1}},"3":{"start":{"line":14,"column":10},"end":{"line":14,"column":15}},"4":{"start":{"line":16,"column":24},"end":{"line":23,"column":1}},"5":{"start":{"line":17,"column":10},"end":{"line":22,"column":3}}},"fnMap":{"0":{"name":"(anonymous_0)","decl":{"start":{"line":6,"column":4},"end":{"line":6,"column":5}},"loc":{"start":{"line":6,"column":10},"end":{"line":11,"column":3}},"line":6},"1":{"name":"(anonymous_1)","decl":{"start":{"line":14,"column":4},"end":{"line":14,"column":5}},"loc":{"start":{"line":14,"column":10},"end":{"line":14,"column":15}},"line":14},"2":{"name":"(anonymous_2)","decl":{"start":{"line":17,"column":4},"end":{"line":17,"column":5}},"loc":{"start":{"line":17,"column":10},"end":{"line":22,"column":3}},"line":17}},"branchMap":{},"s":{"0":1,"1":1,"2":1,"3":1,"4":1,"5":1},"f":{"0":1,"1":1,"2":1},"b":{},"_coverageSchema":"1a1c01bbd47fc00a2c39e90264f33305004495a9","hash":"ae65704296602509dc88c9518c585116fbd44c2f"}
}
