TN:
SF:src/components/index.ts
FNF:0
FNH:0
LF:0
LH:0
BRF:0
BRH:0
end_of_record
TN:
SF:src/components/Button/index.tsx
FN:25,(anonymous_0)
FNF:1
FNH:1
FNDA:7,(anonymous_0)
DA:25,1
DA:36,7
LF:2
LH:2
BRDA:27,0,0,6
BRDA:28,1,0,6
BRDA:29,2,0,5
BRDA:45,3,0,7
BRDA:45,3,1,7
BRF:5
BRH:5
end_of_record
TN:
SF:src/components/Button/styles.ts
FN:19,(anonymous_0)
FN:24,(anonymous_1)
FN:29,(anonymous_2)
FN:38,(anonymous_3)
FN:45,(anonymous_4)
FN:50,(anonymous_5)
FN:54,(anonymous_6)
FN:66,(anonymous_7)
FNF:8
FNH:7
FNDA:1,(anonymous_0)
FNDA:5,(anonymous_1)
FNDA:1,(anonymous_2)
FNDA:0,(anonymous_3)
FNDA:1,(anonymous_4)
FNDA:1,(anonymous_5)
FNDA:2,(anonymous_6)
FNDA:7,(anonymous_7)
DA:18,1
DA:19,1
DA:24,5
DA:29,1
DA:38,0
DA:45,1
DA:50,1
DA:54,2
DA:65,1
DA:66,7
LF:10
LH:9
BRDA:81,0,0,1
BRDA:81,0,1,6
BRDA:84,1,0,7
BRDA:84,1,1,7
BRDA:85,2,0,7
BRDA:85,2,1,1
BRDA:86,3,0,7
BRDA:86,3,1,2
BRDA:87,4,0,7
BRDA:87,4,1,1
BRDA:88,5,0,7
BRDA:88,5,1,0
BRF:12
BRH:11
end_of_record
TN:
SF:src/components/Card/index.tsx
FN:7,(anonymous_0)
FNF:1
FNH:0
FNDA:0,(anonymous_0)
DA:7,0
DA:8,0
LF:2
LH:0
BRF:0
BRH:0
end_of_record
TN:
SF:src/components/Card/styles.ts
FNF:0
FNH:0
DA:5,0
LF:1
LH:0
BRF:0
BRH:0
end_of_record
TN:
SF:src/components/Heading/index.tsx
FN:10,(anonymous_0)
FNF:1
FNH:1
FNDA:3,(anonymous_0)
DA:10,1
DA:11,3
LF:2
LH:2
BRDA:10,0,0,0
BRF:1
BRH:0
end_of_record
TN:
SF:src/components/Heading/styles.ts
FN:7,(anonymous_0)
FN:10,(anonymous_1)
FN:13,(anonymous_2)
FN:19,(anonymous_3)
FNF:4
FNH:4
FNDA:1,(anonymous_0)
FNDA:1,(anonymous_1)
FNDA:1,(anonymous_2)
FNDA:3,(anonymous_3)
DA:6,1
DA:7,1
DA:10,1
DA:13,1
DA:18,1
DA:19,3
LF:6
LH:6
BRDA:25,0,0,3
BRDA:25,0,1,3
BRF:2
BRH:2
end_of_record
TN:
SF:src/components/Paragraph/index.tsx
FN:9,(anonymous_0)
FNF:1
FNH:0
FNDA:0,(anonymous_0)
DA:9,0
DA:10,0
LF:2
LH:0
BRF:0
BRH:0
end_of_record
TN:
SF:src/components/Paragraph/styles.ts
FN:6,(anonymous_0)
FNF:1
FNH:0
FNDA:0,(anonymous_0)
DA:5,0
DA:6,0
LF:2
LH:0
BRF:0
BRH:0
end_of_record
TN:
SF:src/components/Shape/index.tsx
FN:9,(anonymous_0)
FNF:1
FNH:0
FNDA:0,(anonymous_0)
DA:9,0
LF:1
LH:0
BRF:0
BRH:0
end_of_record
TN:
SF:src/components/Shape/styles.ts
FN:6,(anonymous_0)
FNF:1
FNH:0
FNDA:0,(anonymous_0)
DA:5,0
DA:6,0
LF:2
LH:0
BRF:0
BRH:0
end_of_record
TN:
SF:src/components/Subtitle/index.tsx
FN:10,(anonymous_0)
FNF:1
FNH:1
FNDA:3,(anonymous_0)
DA:10,1
DA:11,3
LF:2
LH:2
BRDA:10,0,0,0
BRF:1
BRH:0
end_of_record
TN:
SF:src/components/Subtitle/styles.ts
FN:8,(anonymous_0)
FN:11,(anonymous_1)
FN:14,(anonymous_2)
FN:20,(anonymous_3)
FNF:4
FNH:4
FNDA:1,(anonymous_0)
FNDA:1,(anonymous_1)
FNDA:1,(anonymous_2)
FNDA:3,(anonymous_3)
DA:7,1
DA:8,1
DA:11,1
DA:14,1
DA:19,1
DA:20,3
LF:6
LH:6
BRDA:26,0,0,3
BRDA:26,0,1,3
BRF:2
BRH:2
end_of_record
TN:
SF:src/components/Wrapper/index.ts
FN:4,(anonymous_0)
FNF:1
FNH:0
FNDA:0,(anonymous_0)
DA:3,0
DA:4,0
LF:2
LH:0
BRF:0
BRH:0
end_of_record
TN:
SF:src/styles/theme.ts
FNF:0
FNH:0
LF:0
LH:0
BRF:0
BRH:0
end_of_record
