TN:
SF:src/components/Button/index.tsx
FN:25,(anonymous_0)
FNF:1
FNH:1
FNDA:8,(anonymous_0)
DA:25,2
DA:29,8
LF:2
LH:2
BRDA:26,0,0,7
BRDA:26,1,0,7
BRDA:26,2,0,6
BRDA:38,3,0,8
BRDA:38,3,1,8
BRF:5
BRH:5
end_of_record
TN:
SF:src/components/Button/styles.ts
FN:19,(anonymous_0)
FN:24,(anonymous_1)
FN:29,(anonymous_2)
FN:38,(anonymous_3)
FN:45,(anonymous_4)
FN:50,(anonymous_5)
FN:54,(anonymous_6)
FN:66,(anonymous_7)
FNF:8
FNH:7
FNDA:1,(anonymous_0)
FNDA:6,(anonymous_1)
FNDA:1,(anonymous_2)
FNDA:0,(anonymous_3)
FNDA:1,(anonymous_4)
FNDA:1,(anonymous_5)
FNDA:2,(anonymous_6)
FNDA:8,(anonymous_7)
DA:18,2
DA:19,1
DA:24,6
DA:29,1
DA:38,0
DA:45,1
DA:50,1
DA:54,2
DA:65,2
DA:66,8
LF:10
LH:9
BRDA:81,0,0,1
BRDA:81,0,1,7
BRDA:84,1,0,8
BRDA:84,1,1,8
BRDA:85,2,0,8
BRDA:85,2,1,1
BRDA:86,3,0,8
BRDA:86,3,1,2
BRDA:87,4,0,8
BRDA:87,4,1,1
BRDA:88,5,0,8
BRDA:88,5,1,0
BRF:12
BRH:11
end_of_record
TN:
SF:src/components/Card/index.tsx
FN:14,(anonymous_0)
FNF:1
FNH:1
FNDA:1,(anonymous_0)
DA:14,1
DA:15,1
LF:2
LH:2
BRF:0
BRH:0
end_of_record
TN:
SF:src/components/Card/styles.ts
FN:6,(anonymous_0)
FN:14,(anonymous_1)
FN:17,(anonymous_2)
FNF:3
FNH:3
FNDA:1,(anonymous_0)
FNDA:1,(anonymous_1)
FNDA:1,(anonymous_2)
DA:5,1
DA:6,1
DA:13,1
DA:14,1
DA:16,1
DA:17,1
LF:6
LH:6
BRF:0
BRH:0
end_of_record
